\BOOKMARK [1][-]{section.1}{\376\377\137\025\212\000}{}% 1
\BOOKMARK [1][-]{section.2}{\376\377\171\136\176\317\177\121\176\334\121\375\145\160\220\074\217\321\116\016\214\061\120\117\135\356}{}% 2
\BOOKMARK [2][-]{subsection.2.1}{\376\377\131\032\134\102\141\037\167\345\147\072\117\134\116\072\123\302\145\160\123\026\121\375\145\160\145\317}{section.2}% 3
\BOOKMARK [2][-]{subsection.2.2}{\376\377\000F\000o\000u\000r\000i\000e\000r\000\040\211\306\211\322\116\013\166\204\213\357\135\356\122\006\211\343}{section.2}% 4
\BOOKMARK [2][-]{subsection.2.3}{\376\377\176\277\140\047\123\026\213\255\176\303\122\250\122\233\133\146\211\343\221\312}{section.2}% 5
\BOOKMARK [2][-]{subsection.2.4}{\376\377\000F\000o\000u\000r\000i\000e\000r\000\040\000f\000e\000a\000t\000u\000r\000e\000s\000\040\166\204\127\372\147\054\140\035\140\363}{section.2}% 6
\BOOKMARK [1][-]{section.3}{\376\377\000P\000I\000N\000N\000\040\166\204\213\357\135\356\147\145\156\220\116\016\145\160\133\146\176\323\147\204}{}% 7
\BOOKMARK [2][-]{subsection.3.1}{\376\377\137\072\137\142\137\017\153\213\135\356\116\016\176\317\232\214\171\357\122\006}{section.3}% 8
\BOOKMARK [2][-]{subsection.3.2}{\376\377\137\072\137\142\137\017\116\016\137\061\137\142\137\017\166\204\153\324\217\203}{section.3}% 9
\BOOKMARK [1][-]{section.4}{\376\377\000H\000e\000l\000m\000h\000o\000l\000t\000z\000\040\145\271\172\013\166\204\143\057\203\141\176\323\147\204\116\016\230\221\127\337\173\046\123\367}{}% 10
\BOOKMARK [2][-]{subsection.4.1}{\376\377\116\000\176\364\152\041\127\213\225\356\230\230\116\016\227\136\121\161\143\057\147\141\116\366}{section.4}% 11
\BOOKMARK [2][-]{subsection.4.2}{\376\377\000H\000e\000l\000m\000h\000o\000l\000t\000z\000\040\173\227\133\120\166\204\000\040\000F\000o\000u\000r\000i\000e\000r\000\040\173\046\123\367}{section.4}% 12
\BOOKMARK [2][-]{subsection.4.3}{\376\377\123\330\122\006\137\142\137\017\116\016\227\136\137\072\122\066\140\047}{section.4}% 13
\BOOKMARK [1][-]{section.5}{\376\377\214\061\120\117\135\356\133\371\000\040\000H\000e\000l\000m\000h\000o\000l\000t\000z\000-\000P\000I\000N\000N\000\040\166\204\137\161\124\315}{}% 14
\BOOKMARK [2][-]{subsection.5.1}{\376\377\137\072\137\142\137\017\153\213\135\356\116\055\166\204\145\117\141\037\142\265\155\210}{section.5}% 15
\BOOKMARK [2][-]{subsection.5.2}{\376\377\221\307\150\067\122\006\217\250\163\207\116\016\154\342\225\177}{section.5}% 16
\BOOKMARK [2][-]{subsection.5.3}{\376\377\143\137\131\061\134\072\136\246\226\217\154\342\145\160\145\076\131\047}{section.5}% 17
\BOOKMARK [1][-]{section.6}{\376\377\145\160\120\074\133\236\232\214}{}% 18
\BOOKMARK [2][-]{subsection.6.1}{\376\377\133\236\232\214\116\000\000:\121\375\145\160\142\337\124\010\116\055\166\204\214\061\120\117\135\356}{section.6}% 19
\BOOKMARK [2][-]{subsection.6.2}{\376\377\133\236\232\214\116\214\000:\116\000\176\364\000\040\000H\000e\000l\000m\000h\000o\000l\000t\000z\000\040\145\271\172\013\166\204\000\040\000P\000I\000N\000N\000\040\154\102\211\343}{section.6}% 20
\BOOKMARK [2][-]{subsection.6.3}{\376\377\133\236\232\214\176\323\147\234\166\204\145\160\133\146\211\343\221\312}{section.6}% 21
\BOOKMARK [1][-]{section.7}{\376\377\145\071\217\333\145\271\124\021\213\250\213\272}{}% 22
\BOOKMARK [2][-]{subsection.7.1}{\376\377\137\025\121\145\116\016\154\342\145\160\166\370\121\163\166\204\000\040\000F\000o\000u\000r\000i\000e\000r\000\040\162\171\137\201}{section.7}% 23
\BOOKMARK [2][-]{subsection.7.2}{\376\377\137\061\137\142\137\017\116\016\123\330\122\006\127\213\000\040\000P\000I\000N\000N}{section.7}% 24
\BOOKMARK [2][-]{subsection.7.3}{\376\377\116\016\117\040\176\337\000\040\000H\000e\000l\000m\000h\000o\000l\000t\000z\000\040\154\102\211\343\126\150\124\214\171\136\176\317\173\227\133\120\166\204\121\163\174\373}{section.7}% 25
\BOOKMARK [2][-]{subsection.7.4}{\376\377\221\307\150\067\173\126\165\145\116\016\143\137\131\061\134\072\136\246}{section.7}% 26
\BOOKMARK [1][-]{section.8}{\376\377\176\323\213\272}{}% 27
